TN:
SF:src\Components\Alert\Alert.jsx
FN:12,Alert
FNF:1
FNH:1
FNDA:6,Alert
DA:1,2
DA:7,2
DA:18,6
DA:19,6
DA:21,6
LF:5
LH:5
BRDA:13,0,0,6
BRDA:14,1,0,6
BRDA:15,2,0,6
BRDA:16,3,0,6
BRDA:18,4,0,6
BRDA:18,4,1,0
BRDA:23,5,0,2
BRDA:23,5,1,4
BRDA:24,6,0,2
BRDA:24,6,1,4
BRDA:28,7,0,6
BRDA:28,7,1,0
BRF:12
BRH:10
end_of_record
TN:
SF:src\Components\Button\Button.jsx
FN:1,(anonymous_0)
FNF:1
FNH:1
FNDA:40,(anonymous_0)
DA:1,4
DA:16,40
DA:22,40
DA:29,40
DA:35,40
DA:36,40
DA:38,40
LF:7
LH:7
BRDA:3,0,0,40
BRDA:4,1,0,40
BRDA:5,2,0,40
BRDA:6,3,0,40
BRDA:7,4,0,40
BRDA:9,5,0,40
BRDA:10,6,0,40
BRDA:35,7,0,40
BRDA:35,7,1,5
BRDA:36,8,0,0
BRDA:36,8,1,40
BRDA:45,9,0,40
BRDA:45,9,1,0
BRDA:45,10,0,40
BRDA:45,10,1,0
BRDA:47,11,0,1
BRDA:47,11,1,39
BRDA:49,12,0,1
BRDA:49,12,1,39
BRF:19
BRH:16
end_of_record
TN:
SF:src\Components\Card\Card.jsx
FN:5,Card
FN:83,(anonymous_1)
FNF:2
FNH:1
FNDA:9,Card
FNDA:0,(anonymous_1)
DA:17,9
DA:18,9
DA:19,9
DA:20,9
DA:21,9
DA:22,9
DA:23,9
DA:24,9
DA:25,9
DA:27,9
DA:32,9
DA:37,9
DA:43,9
DA:74,9
DA:84,0
DA:114,9
LF:16
LH:15
BRDA:10,0,0,9
BRDA:11,1,0,9
BRDA:14,2,0,9
BRDA:15,3,0,9
BRDA:18,4,0,0
BRDA:18,4,1,9
BRDA:20,5,0,9
BRDA:20,5,1,6
BRDA:20,5,2,0
BRDA:21,6,0,9
BRDA:21,6,1,6
BRDA:21,6,2,0
BRDA:25,7,0,3
BRDA:25,7,1,6
BRDA:45,8,0,7
BRDA:45,8,1,2
BRDA:65,9,0,9
BRDA:65,9,1,0
BRDA:98,10,0,7
BRDA:98,10,1,2
BRDA:115,11,0,0
BRDA:115,11,1,9
BRDA:116,12,0,0
BRDA:116,12,1,9
BRDA:120,13,0,7
BRDA:120,13,1,2
BRDA:128,14,0,7
BRDA:128,14,1,2
BRF:28
BRH:22
end_of_record
TN:
SF:src\Components\FavIcon\FavIcon.jsx
FN:3,(anonymous_0)
FNF:1
FNH:1
FNDA:16,(anonymous_0)
DA:3,4
DA:4,16
DA:5,16
DA:8,16
DA:9,16
DA:10,16
DA:11,16
DA:14,16
DA:25,16
DA:27,16
DA:28,5
DA:35,11
LF:12
LH:12
BRDA:3,0,0,16
BRDA:3,1,0,16
BRDA:3,2,0,16
BRDA:5,3,0,4
BRDA:5,3,1,12
BRDA:10,4,0,16
BRDA:10,4,1,9
BRDA:11,5,0,7
BRDA:11,5,1,9
BRDA:18,6,0,11
BRDA:18,6,1,5
BRDA:18,7,0,7
BRDA:18,7,1,9
BRDA:25,8,0,7
BRDA:25,8,1,9
BRDA:27,9,0,5
BRDA:27,9,1,11
BRDA:40,10,0,2
BRDA:40,10,1,9
BRF:19
BRH:19
end_of_record
TN:
SF:src\Components\Footer\Footer.jsx
FN:38,Footer
FN:60,(anonymous_1)
FNF:2
FNH:2
FNDA:3,Footer
FNDA:9,(anonymous_1)
DA:3,1
DA:30,1
DA:45,3
DA:47,3
DA:61,9
LF:5
LH:5
BRDA:39,0,0,3
BRDA:40,1,0,3
BRDA:41,2,0,3
BRDA:42,3,0,3
BRDA:43,4,0,3
BRF:5
BRH:5
end_of_record
TN:
SF:src\Components\Header\Header.jsx
FN:16,(anonymous_0)
FNF:1
FNH:1
FNDA:3,(anonymous_0)
DA:7,1
DA:16,1
DA:17,3
DA:19,3
LF:4
LH:4
BRF:0
BRH:0
end_of_record
TN:
SF:src\Components\LanguageToggle\LanguageToggle.jsx
FN:3,(anonymous_0)
FN:8,(anonymous_1)
FN:15,(anonymous_2)
FNF:3
FNH:3
FNDA:9,(anonymous_0)
FNDA:18,(anonymous_1)
FNDA:2,(anonymous_2)
DA:3,2
DA:4,9
DA:6,9
DA:9,18
DA:11,18
DA:15,2
LF:6
LH:6
BRDA:3,0,0,9
BRDA:3,1,0,9
BRDA:18,2,0,9
BRDA:18,2,1,9
BRDA:21,3,0,9
BRDA:21,3,1,9
BRF:6
BRH:6
end_of_record
TN:
SF:src\Components\List\List.jsx
FN:5,List
FN:25,(anonymous_1)
FN:32,(anonymous_2)
FN:33,(anonymous_3)
FNF:4
FNH:4
FNDA:5,List
FNDA:6,(anonymous_1)
FNDA:1,(anonymous_2)
FNDA:1,(anonymous_3)
DA:12,5
DA:13,5
DA:15,5
DA:16,2
DA:23,3
DA:26,6
DA:32,1
DA:33,1
LF:8
LH:8
BRDA:6,0,0,5
BRDA:10,1,0,5
BRDA:13,2,0,5
BRDA:13,2,1,4
BRDA:15,3,0,2
BRDA:15,3,1,3
BRF:6
BRH:6
end_of_record
TN:
SF:src\Components\Loader\Loader.jsx
FN:9,Loader
FNF:1
FNH:1
FNDA:3,Loader
DA:1,1
DA:17,3
LF:2
LH:2
BRDA:10,0,0,3
BRDA:11,1,0,3
BRDA:12,2,0,3
BRDA:13,3,0,3
BRDA:14,4,0,3
BRDA:15,5,0,3
BRDA:21,6,0,1
BRDA:21,6,1,2
BRF:8
BRH:8
end_of_record
TN:
SF:src\Components\SearchBox\SearchBox.jsx
FN:11,(anonymous_0)
FN:23,(anonymous_1)
FN:34,(anonymous_2)
FN:58,(anonymous_3)
FNF:4
FNH:4
FNDA:26,(anonymous_0)
FNDA:17,(anonymous_1)
FNDA:1,(anonymous_2)
FNDA:1,(anonymous_3)
DA:4,2
DA:11,2
DA:21,26
DA:23,26
DA:24,17
DA:25,17
DA:27,17
DA:28,0
DA:30,17
DA:34,26
DA:35,1
DA:36,1
DA:39,26
DA:58,1
LF:14
LH:13
BRDA:13,0,0,26
BRDA:14,1,0,26
BRDA:15,2,0,26
BRDA:16,3,0,26
BRDA:17,4,0,26
BRDA:18,5,0,26
BRDA:19,6,0,26
BRDA:27,7,0,0
BRDA:27,7,1,17
BRDA:53,8,0,26
BRDA:53,8,1,17
BRF:11
BRH:10
end_of_record
TN:
SF:src\Components\Title\Title.jsx
FN:1,(anonymous_0)
FNF:1
FNH:1
FNDA:14,(anonymous_0)
DA:1,3
DA:2,14
DA:3,14
DA:5,14
DA:7,14
DA:16,14
DA:17,14
DA:19,14
LF:8
LH:8
BRDA:1,0,0,14
BRDA:1,1,0,14
BRDA:2,2,0,11
BRDA:2,2,1,3
BRDA:2,3,0,14
BRDA:2,3,1,14
BRDA:2,3,2,13
BRDA:16,4,0,4
BRDA:16,4,1,10
BRDA:17,5,0,14
BRDA:17,5,1,0
BRF:11
BRH:10
end_of_record
TN:
SF:src\customHooks\useFavoriteGames.js
FN:15,(anonymous_0)
FN:18,(anonymous_1)
FN:23,(anonymous_2)
FN:28,(anonymous_3)
FN:33,(anonymous_4)
FN:36,(anonymous_5)
FN:41,(anonymous_6)
FN:46,(anonymous_7)
FN:51,(anonymous_8)
FN:56,(anonymous_9)
FNF:10
FNH:9
FNDA:3,(anonymous_0)
FNDA:3,(anonymous_1)
FNDA:3,(anonymous_2)
FNDA:2,(anonymous_3)
FNDA:1,(anonymous_4)
FNDA:2,(anonymous_5)
FNDA:1,(anonymous_6)
FNDA:3,(anonymous_7)
FNDA:3,(anonymous_8)
FNDA:0,(anonymous_9)
DA:15,1
DA:16,3
DA:18,3
DA:23,3
DA:28,3
DA:29,2
DA:30,1
DA:33,1
DA:36,3
DA:37,2
DA:38,1
DA:41,1
DA:46,3
DA:51,3
DA:56,3
DA:57,0
DA:58,0
DA:59,0
DA:63,3
LF:19
LH:16
BRDA:15,0,0,3
BRDA:29,1,0,1
BRDA:29,1,1,1
BRDA:37,2,0,1
BRDA:37,2,1,1
BRDA:37,3,0,2
BRDA:37,3,1,2
BRDA:58,4,0,0
BRDA:58,4,1,0
BRF:9
BRH:7
end_of_record
TN:
SF:src\customHooks\useInfiniteScroll.js
FN:3,(anonymous_0)
FN:19,(anonymous_1)
FN:47,(anonymous_2)
FN:71,(anonymous_3)
FN:79,(anonymous_4)
FN:80,(anonymous_5)
FN:83,(anonymous_6)
FN:93,(anonymous_7)
FN:97,(anonymous_8)
FN:103,(anonymous_9)
FNF:10
FNH:10
FNDA:16,(anonymous_0)
FNDA:5,(anonymous_1)
FNDA:5,(anonymous_2)
FNDA:3,(anonymous_3)
FNDA:14,(anonymous_4)
FNDA:2,(anonymous_5)
FNDA:2,(anonymous_6)
FNDA:14,(anonymous_7)
FNDA:6,(anonymous_8)
FNDA:1,(anonymous_9)
DA:3,1
DA:7,16
DA:8,16
DA:9,16
DA:10,16
DA:11,16
DA:12,16
DA:14,16
DA:15,16
DA:16,16
DA:19,16
DA:21,5
DA:22,2
DA:25,5
DA:26,5
DA:29,5
DA:30,5
DA:32,5
DA:33,5
DA:34,5
DA:37,5
DA:40,5
DA:41,2
DA:43,3
DA:47,5
DA:50,5
DA:51,3
DA:55,0
DA:57,0
DA:59,0
DA:60,0
DA:64,5
DA:65,5
DA:71,16
DA:72,3
DA:73,3
DA:74,3
DA:75,3
DA:79,16
DA:80,14
DA:82,2
DA:83,2
DA:89,14
DA:90,0
DA:93,14
DA:97,16
DA:98,6
DA:99,2
DA:103,16
DA:104,1
DA:105,1
DA:106,1
DA:107,1
DA:110,16
LF:54
LH:49
BRDA:5,0,0,16
BRDA:5,1,0,16
BRDA:5,2,0,16
BRDA:21,3,0,2
BRDA:21,3,1,3
BRDA:37,4,0,0
BRDA:37,4,1,5
BRDA:40,5,0,2
BRDA:40,5,1,3
BRDA:47,6,0,3
BRDA:47,6,1,2
BRDA:50,7,0,3
BRDA:50,7,1,2
BRDA:55,8,0,0
BRDA:55,8,1,0
BRDA:59,9,0,0
BRDA:59,9,1,0
BRDA:64,10,0,5
BRDA:64,10,1,0
BRDA:82,11,0,2
BRDA:82,11,1,0
BRDA:82,12,0,2
BRDA:82,12,1,2
BRDA:82,12,2,2
BRDA:82,12,3,2
BRDA:89,13,0,0
BRDA:89,13,1,14
BRDA:98,14,0,2
BRDA:98,14,1,4
BRF:29
BRH:21
end_of_record
TN:
SF:src\customHooks\useLanguagePreference.js
FN:5,(anonymous_0)
FN:11,(anonymous_1)
FN:19,(anonymous_2)
FNF:3
FNH:3
FNDA:5,(anonymous_0)
FNDA:5,(anonymous_1)
FNDA:1,(anonymous_2)
DA:5,1
DA:6,5
DA:7,5
DA:9,5
DA:11,5
DA:12,5
DA:13,4
DA:16,1
DA:19,5
DA:20,1
DA:21,1
DA:24,5
LF:12
LH:12
BRDA:9,0,0,5
BRDA:9,0,1,1
BRDA:12,1,0,4
BRDA:12,1,1,1
BRDA:12,2,0,5
BRDA:12,2,1,2
BRF:6
BRH:6
end_of_record
TN:
SF:src\customHooks\useLocalStorage.js
FN:3,(anonymous_0)
FN:7,(anonymous_1)
FN:30,(anonymous_2)
FN:38,(anonymous_3)
FN:49,(anonymous_4)
FN:61,(anonymous_5)
FN:62,(anonymous_6)
FNF:7
FNH:7
FNDA:16,(anonymous_0)
FNDA:20,(anonymous_1)
FNDA:31,(anonymous_2)
FNDA:31,(anonymous_3)
FNDA:22,(anonymous_4)
FNDA:12,(anonymous_5)
FNDA:12,(anonymous_6)
DA:3,1
DA:4,16
DA:7,1
DA:8,20
DA:9,0
DA:12,20
DA:13,20
DA:15,20
DA:16,16
DA:19,4
DA:20,4
DA:22,1
DA:25,0
DA:26,0
DA:30,1
DA:31,31
DA:32,31
DA:34,0
DA:38,1
DA:39,31
DA:41,31
DA:42,20
DA:45,31
DA:46,31
DA:47,31
DA:49,31
DA:50,22
DA:51,22
DA:54,0
DA:56,0
DA:57,0
DA:58,0
DA:61,31
DA:62,12
DA:63,12
DA:67,12
DA:68,12
DA:69,12
DA:70,12
DA:72,12
DA:76,11
DA:79,12
DA:81,0
DA:85,12
DA:89,31
LF:45
LH:36
BRDA:4,0,0,1
BRDA:4,0,1,15
BRDA:8,1,0,0
BRDA:8,1,1,20
BRDA:15,2,0,16
BRDA:15,2,1,4
BRDA:41,3,0,20
BRDA:41,3,1,11
BRDA:50,4,0,22
BRDA:50,4,1,0
BRDA:50,5,0,22
BRDA:50,5,1,22
BRDA:63,6,0,1
BRDA:63,6,1,11
BRDA:67,7,0,12
BRDA:67,7,1,0
BRDA:72,8,0,11
BRDA:72,8,1,1
BRDA:73,9,0,12
BRDA:73,9,1,11
BRF:20
BRH:17
end_of_record
TN:
SF:src\locales\en\Translation.json
FNF:0
FNH:0
DA:1,3
DA:2,3
DA:3,3
DA:4,3
DA:5,3
DA:6,3
DA:7,3
LF:7
LH:7
BRF:0
BRH:0
end_of_record
TN:
SF:src\locales\es\Translation.json
FNF:0
FNH:0
DA:1,3
DA:2,3
DA:3,3
DA:4,3
DA:5,3
DA:6,3
DA:7,3
LF:7
LH:7
BRF:0
BRH:0
end_of_record
TN:
SF:src\utils\favorites\favoriteUtils.js
FN:4,(anonymous_0)
FN:7,(anonymous_1)
FN:10,(anonymous_2)
FN:11,(anonymous_3)
FN:14,(anonymous_4)
FN:15,(anonymous_5)
FN:18,(anonymous_6)
FN:20,(anonymous_7)
FN:23,(anonymous_8)
FN:30,(anonymous_9)
FN:38,(anonymous_10)
FN:42,(anonymous_11)
FN:44,(anonymous_12)
FN:48,(anonymous_13)
FN:73,(anonymous_14)
FN:74,(anonymous_15)
FNF:16
FNH:16
FNDA:5,(anonymous_0)
FNDA:4,(anonymous_1)
FNDA:4,(anonymous_2)
FNDA:3,(anonymous_3)
FNDA:4,(anonymous_4)
FNDA:4,(anonymous_5)
FNDA:3,(anonymous_6)
FNDA:2,(anonymous_7)
FNDA:1,(anonymous_8)
FNDA:6,(anonymous_9)
FNDA:3,(anonymous_10)
FNDA:2,(anonymous_11)
FNDA:3,(anonymous_12)
FNDA:3,(anonymous_13)
FNDA:1,(anonymous_14)
FNDA:1,(anonymous_15)
DA:4,5
DA:7,4
DA:10,2
DA:11,4
DA:14,2
DA:15,4
DA:18,2
DA:19,3
DA:20,3
DA:22,3
DA:23,1
DA:26,2
DA:30,2
DA:31,6
DA:32,6
DA:34,6
DA:35,3
DA:38,3
DA:42,2
DA:43,2
DA:44,3
DA:47,2
DA:48,2
DA:49,3
DA:50,3
DA:51,0
DA:54,3
DA:61,3
DA:62,3
DA:63,3
DA:66,0
DA:69,2
DA:73,2
DA:74,1
LF:34
LH:32
BRDA:4,0,0,5
BRDA:4,0,1,3
BRDA:4,0,2,2
BRDA:22,1,0,1
BRDA:22,1,1,2
BRDA:34,2,0,3
BRDA:34,2,1,3
BRDA:50,3,0,0
BRDA:50,3,1,3
BRDA:61,4,0,3
BRDA:61,4,1,0
BRDA:69,5,0,2
BRDA:69,5,1,0
BRF:13
BRH:10
end_of_record
TN:
SF:src\utils\home\homeUtils.js
FN:4,(anonymous_0)
FN:7,(anonymous_1)
FN:8,(anonymous_2)
FN:11,(anonymous_3)
FN:12,(anonymous_4)
FN:15,(anonymous_5)
FN:19,(anonymous_6)
FNF:7
FNH:7
FNDA:1,(anonymous_0)
FNDA:1,(anonymous_1)
FNDA:2,(anonymous_2)
FNDA:2,(anonymous_3)
FNDA:3,(anonymous_4)
FNDA:2,(anonymous_5)
FNDA:3,(anonymous_6)
DA:4,1
DA:7,1
DA:8,2
DA:11,1
DA:12,3
DA:15,1
DA:16,2
DA:19,3
LF:8
LH:8
BRDA:16,0,0,1
BRDA:16,0,1,1
BRDA:19,1,0,3
BRDA:19,1,1,2
BRF:4
BRH:4
end_of_record
TN:
SF:src\utils\id\idUtils.js
FN:2,(anonymous_0)
FN:2,(anonymous_1)
FN:5,(anonymous_2)
FN:6,(anonymous_3)
FN:9,(anonymous_4)
FNF:5
FNH:5
FNDA:2,(anonymous_0)
FNDA:5,(anonymous_1)
FNDA:5,(anonymous_2)
FNDA:6,(anonymous_3)
FNDA:4,(anonymous_4)
DA:2,5
DA:5,4
DA:6,6
DA:9,4
LF:4
LH:4
BRF:0
BRH:0
end_of_record
TN:
SF:src\utils\searchNavigation\searchNavigation.js
FN:2,(anonymous_0)
FN:18,(anonymous_1)
FNF:2
FNH:2
FNDA:2,(anonymous_0)
FNDA:4,(anonymous_1)
DA:2,1
DA:8,2
DA:9,2
DA:10,2
DA:12,2
DA:13,1
DA:18,1
DA:19,4
DA:20,2
DA:23,2
DA:24,1
DA:25,1
DA:28,1
LF:13
LH:13
BRDA:12,0,0,1
BRDA:12,0,1,1
BRDA:12,1,0,2
BRDA:12,1,1,0
BRDA:12,1,2,2
BRDA:19,2,0,2
BRDA:19,2,1,2
BRDA:19,3,0,4
BRDA:19,3,1,3
BRDA:23,4,0,1
BRDA:23,4,1,1
BRF:11
BRH:10
end_of_record
